# Logfile created on 2014-01-06 00:11:36 +0400 by logger.rb/44203
I, [2014-01-06T00:11:36.999162 #2645]  INFO -- : 0:  rake (10.1.1) from /home/artem/.rvm/gems/ruby-2.1.0/specifications/rake-10.1.1.gemspec
I, [2014-01-06T00:11:37.000089 #2645]  INFO -- : 0:  i18n (0.6.9) from /home/artem/.rvm/gems/ruby-2.1.0/specifications/i18n-0.6.9.gemspec
E, [2014-01-06T00:11:37.010277 #2645] ERROR -- : Bundler::GemNotFound: Could not find minitest-4.7.5.gem for installation
/home/artem/.rvm/gems/ruby-2.1.0@global/gems/bundler-1.5.0/lib/bundler/source/rubygems.rb:149:in `cached_gem'  \n/home/artem/.rvm/gems/ruby-2.1.0@global/gems/bundler-1.5.0/lib/bundler/source/rubygems.rb:84:in `install'  \n/home/artem/.rvm/gems/ruby-2.1.0@global/gems/bundler-1.5.0/lib/bundler/installer.rb:111:in `block in install_gem_from_spec'  \n/home/artem/.rvm/gems/ruby-2.1.0@global/gems/bundler-1.5.0/lib/bundler/rubygems_integration.rb:150:in `with_build_args'  \n/home/artem/.rvm/gems/ruby-2.1.0@global/gems/bundler-1.5.0/lib/bundler/installer.rb:110:in `install_gem_from_spec'  \n/home/artem/.rvm/gems/ruby-2.1.0@global/gems/bundler-1.5.0/lib/bundler/installer.rb:295:in `block in install_sequentially'  \n/home/artem/.rvm/rubies/ruby-2.1.0/lib/ruby/2.1.0/forwardable.rb:183:in `each'  \n/home/artem/.rvm/rubies/ruby-2.1.0/lib/ruby/2.1.0/forwardable.rb:183:in `each'  \n/home/artem/.rvm/gems/ruby-2.1.0@global/gems/bundler-1.5.0/lib/bundler/installer.rb:294:in `install_sequentially'  \n/home/artem/.rvm/gems/ruby-2.1.0@global/gems/bundler-1.5.0/lib/bundler/installer.rb:97:in `run'  \n/home/artem/.rvm/gems/ruby-2.1.0@global/gems/bundler-1.5.0/lib/bundler/installer.rb:15:in `install'  \n/home/artem/.rvm/gems/ruby-2.1.0@global/gems/bundler-1.5.0/lib/bundler/cli.rb:257:in `install'  \n/home/artem/.rvm/gems/ruby-2.1.0@global/gems/bundler-1.5.0/lib/bundler/vendor/thor/command.rb:27:in `run'  \n/home/artem/.rvm/gems/ruby-2.1.0@global/gems/bundler-1.5.0/lib/bundler/vendor/thor/invocation.rb:120:in `invoke_command'  \n/home/artem/.rvm/gems/ruby-2.1.0@global/gems/bundler-1.5.0/lib/bundler/vendor/thor.rb:363:in `dispatch'  \n/home/artem/.rvm/gems/ruby-2.1.0@global/gems/bundler-1.5.0/lib/bundler/vendor/thor/base.rb:438:in `start'  \n/home/artem/.rvm/gems/ruby-2.1.0@global/gems/bundler-1.5.0/lib/bundler/cli.rb:10:in `start'  \n/home/artem/.rvm/gems/ruby-2.1.0@global/gems/bundler-1.5.0/bin/bundle:22:in `block in <top (required)>'  \n/home/artem/.rvm/gems/ruby-2.1.0@global/gems/bundler-1.5.0/lib/bundler/friendly_errors.rb:5:in `with_friendly_errors'  \n/home/artem/.rvm/gems/ruby-2.1.0@global/gems/bundler-1.5.0/bin/bundle:22:in `<top (required)>'  \n/home/artem/.rvm/gems/ruby-2.1.0@global/bin/bundle:23:in `load'  \n/home/artem/.rvm/gems/ruby-2.1.0@global/bin/bundle:23:in `<main>'  \n/home/artem/.rvm/gems/ruby-2.1.0/bin/ruby_executable_hooks:15:in `eval'  \n/home/artem/.rvm/gems/ruby-2.1.0/bin/ruby_executable_hooks:15:in `<main>'
I, [2014-01-06T00:12:44.021944 #2653]  INFO -- : 0:  rake (10.1.1) from /home/artem/.rvm/gems/ruby-2.1.0/specifications/rake-10.1.1.gemspec
I, [2014-01-06T00:12:44.022613 #2653]  INFO -- : 0:  i18n (0.6.9) from /home/artem/.rvm/gems/ruby-2.1.0/specifications/i18n-0.6.9.gemspec
I, [2014-01-06T00:12:44.117272 #2653]  INFO -- : 0:  minitest (4.7.5) from /home/artem/.rvm/gems/ruby-2.1.0/specifications/minitest-4.7.5.gemspec
I, [2014-01-06T00:12:44.118618 #2653]  INFO -- : 0:  multi_json (1.8.2) from /home/artem/.rvm/gems/ruby-2.1.0/specifications/multi_json-1.8.2.gemspec
I, [2014-01-06T00:12:44.119772 #2653]  INFO -- : 0:  atomic (1.1.14) from /home/artem/.rvm/gems/ruby-2.1.0/specifications/atomic-1.1.14.gemspec
I, [2014-01-06T00:12:44.120768 #2653]  INFO -- : 0:  thread_safe (0.1.3) from /home/artem/.rvm/gems/ruby-2.1.0/specifications/thread_safe-0.1.3.gemspec
I, [2014-01-06T00:12:44.121994 #2653]  INFO -- : 0:  tzinfo (0.3.38) from /home/artem/.rvm/gems/ruby-2.1.0/specifications/tzinfo-0.3.38.gemspec
I, [2014-01-06T00:12:44.124435 #2653]  INFO -- : 0:  activesupport (4.0.2) from /home/artem/.rvm/gems/ruby-2.1.0/specifications/activesupport-4.0.2.gemspec
I, [2014-01-06T00:12:44.126899 #2653]  INFO -- : 0:  builder (3.1.4) from /home/artem/.rvm/gems/ruby-2.1.0/specifications/builder-3.1.4.gemspec
I, [2014-01-06T00:12:44.130299 #2653]  INFO -- : 0:  erubis (2.7.0) from /home/artem/.rvm/gems/ruby-2.1.0/specifications/erubis-2.7.0.gemspec
I, [2014-01-06T00:12:44.131629 #2653]  INFO -- : 0:  rack (1.5.2) from /home/artem/.rvm/gems/ruby-2.1.0/specifications/rack-1.5.2.gemspec
I, [2014-01-06T00:12:44.136151 #2653]  INFO -- : 0:  rack-test (0.6.2) from /home/artem/.rvm/gems/ruby-2.1.0/specifications/rack-test-0.6.2.gemspec
I, [2014-01-06T00:12:44.137460 #2653]  INFO -- : 0:  actionpack (4.0.2) from /home/artem/.rvm/gems/ruby-2.1.0/specifications/actionpack-4.0.2.gemspec
I, [2014-01-06T00:12:44.138606 #2653]  INFO -- : 0:  mime-types (1.25.1) from /home/artem/.rvm/gems/ruby-2.1.0/specifications/mime-types-1.25.1.gemspec
I, [2014-01-06T00:12:44.139355 #2653]  INFO -- : 0:  polyglot (0.3.3) from /home/artem/.rvm/gems/ruby-2.1.0/specifications/polyglot-0.3.3.gemspec
I, [2014-01-06T00:12:44.139977 #2653]  INFO -- : 0:  treetop (1.4.15) from /home/artem/.rvm/gems/ruby-2.1.0/specifications/treetop-1.4.15.gemspec
I, [2014-01-06T00:12:44.140462 #2653]  INFO -- : 0:  mail (2.5.4) from /home/artem/.rvm/gems/ruby-2.1.0/specifications/mail-2.5.4.gemspec
I, [2014-01-06T00:12:44.140896 #2653]  INFO -- : 0:  actionmailer (4.0.2) from /home/artem/.rvm/gems/ruby-2.1.0/specifications/actionmailer-4.0.2.gemspec
I, [2014-01-06T00:12:44.141297 #2653]  INFO -- : 0:  activemodel (4.0.2) from /home/artem/.rvm/gems/ruby-2.1.0/specifications/activemodel-4.0.2.gemspec
I, [2014-01-06T00:12:44.141744 #2653]  INFO -- : 0:  activerecord-deprecated_finders (1.0.3) from /home/artem/.rvm/gems/ruby-2.1.0/specifications/activerecord-deprecated_finders-1.0.3.gemspec
I, [2014-01-06T00:12:44.142208 #2653]  INFO -- : 0:  arel (4.0.1) from /home/artem/.rvm/gems/ruby-2.1.0/specifications/arel-4.0.1.gemspec
I, [2014-01-06T00:12:44.142627 #2653]  INFO -- : 0:  activerecord (4.0.2) from /home/artem/.rvm/gems/ruby-2.1.0/specifications/activerecord-4.0.2.gemspec
I, [2014-01-06T00:12:45.948435 #2653]  INFO -- : 0:  annotate (2.5.0) from /home/artem/.rvm/gems/ruby-2.1.0/specifications/annotate-2.5.0.gemspec
I, [2014-01-06T00:12:50.376213 #2653]  INFO -- : 0:  bcrypt-ruby (3.1.2) from /home/artem/.rvm/gems/ruby-2.1.0/specifications/bcrypt-ruby-3.1.2.gemspec
I, [2014-01-06T00:12:53.168403 #2653]  INFO -- : 0:  sass (3.2.13) from /home/artem/.rvm/gems/ruby-2.1.0/specifications/sass-3.2.13.gemspec
I, [2014-01-06T00:12:55.405442 #2653]  INFO -- : 0:  bootstrap-sass (2.3.2.0) from /home/artem/.rvm/gems/ruby-2.1.0/specifications/bootstrap-sass-2.3.2.0.gemspec
I, [2014-01-06T00:12:57.102358 #2653]  INFO -- : 0:  mini_portile (0.5.2) from /home/artem/.rvm/gems/ruby-2.1.0/specifications/mini_portile-0.5.2.gemspec
I, [2014-01-06T00:15:56.939818 #2653]  INFO -- : 0:  nokogiri (1.6.1) from /home/artem/.rvm/gems/ruby-2.1.0/specifications/nokogiri-1.6.1.gemspec
I, [2014-01-06T00:16:13.879058 #2653]  INFO -- : 0:  ffi (1.9.3) from /home/artem/.rvm/gems/ruby-2.1.0/specifications/ffi-1.9.3.gemspec
I, [2014-01-06T00:16:15.916904 #2653]  INFO -- : 0:  childprocess (0.3.9) from /home/artem/.rvm/gems/ruby-2.1.0/specifications/childprocess-0.3.9.gemspec
I, [2014-01-06T00:16:17.681130 #2653]  INFO -- : 0:  rubyzip (1.1.0) from /home/artem/.rvm/gems/ruby-2.1.0/specifications/rubyzip-1.1.0.gemspec
I, [2014-01-06T00:16:19.423428 #2653]  INFO -- : 0:  websocket (1.0.7) from /home/artem/.rvm/gems/ruby-2.1.0/specifications/websocket-1.0.7.gemspec
I, [2014-01-06T00:16:24.875420 #2653]  INFO -- : 0:  selenium-webdriver (2.39.0) from /home/artem/.rvm/gems/ruby-2.1.0/specifications/selenium-webdriver-2.39.0.gemspec
I, [2014-01-06T00:16:26.616824 #2653]  INFO -- : 0:  xpath (0.1.4) from /home/artem/.rvm/gems/ruby-2.1.0/specifications/xpath-0.1.4.gemspec
I, [2014-01-06T00:16:28.613644 #2653]  INFO -- : 0:  capybara (1.1.2) from /home/artem/.rvm/gems/ruby-2.1.0/specifications/capybara-1.1.2.gemspec
I, [2014-01-06T00:16:30.475260 #2653]  INFO -- : 0:  coffee-script-source (1.6.3) from /home/artem/.rvm/gems/ruby-2.1.0/specifications/coffee-script-source-1.6.3.gemspec
I, [2014-01-06T00:16:32.239281 #2653]  INFO -- : 0:  execjs (2.0.2) from /home/artem/.rvm/gems/ruby-2.1.0/specifications/execjs-2.0.2.gemspec
I, [2014-01-06T00:16:33.792653 #2653]  INFO -- : 0:  coffee-script (2.2.0) from /home/artem/.rvm/gems/ruby-2.1.0/specifications/coffee-script-2.2.0.gemspec
I, [2014-01-06T00:16:33.793981 #2653]  INFO -- : 0:  thor (0.18.1) from /home/artem/.rvm/gems/ruby-2.1.0/specifications/thor-0.18.1.gemspec
I, [2014-01-06T00:16:33.795131 #2653]  INFO -- : 0:  railties (4.0.2) from /home/artem/.rvm/gems/ruby-2.1.0/specifications/railties-4.0.2.gemspec
I, [2014-01-06T00:16:35.381086 #2653]  INFO -- : 0:  coffee-rails (4.0.1) from /home/artem/.rvm/gems/ruby-2.1.0/specifications/coffee-rails-4.0.1.gemspec
I, [2014-01-06T00:16:37.177565 #2653]  INFO -- : 0:  diff-lcs (1.1.3) from /home/artem/.rvm/gems/ruby-2.1.0/specifications/diff-lcs-1.1.3.gemspec
I, [2014-01-06T00:16:37.178960 #2653]  INFO -- : 0:  hike (1.2.3) from /home/artem/.rvm/gems/ruby-2.1.0/specifications/hike-1.2.3.gemspec
I, [2014-01-06T00:16:38.907180 #2653]  INFO -- : 0:  jbuilder (1.5.3) from /home/artem/.rvm/gems/ruby-2.1.0/specifications/jbuilder-1.5.3.gemspec
I, [2014-01-06T00:16:41.496255 #2653]  INFO -- : 0:  jquery-rails (3.0.4) from /home/artem/.rvm/gems/ruby-2.1.0/specifications/jquery-rails-3.0.4.gemspec
E, [2014-01-06T00:16:41.497192 #2653] ERROR -- : Bundler::GemNotFound: Could not find json-1.8.1.gem for installation
/home/artem/.rvm/gems/ruby-2.1.0@global/gems/bundler-1.5.0/lib/bundler/source/rubygems.rb:149:in `cached_gem'  \n/home/artem/.rvm/gems/ruby-2.1.0@global/gems/bundler-1.5.0/lib/bundler/source/rubygems.rb:84:in `install'  \n/home/artem/.rvm/gems/ruby-2.1.0@global/gems/bundler-1.5.0/lib/bundler/installer.rb:111:in `block in install_gem_from_spec'  \n/home/artem/.rvm/gems/ruby-2.1.0@global/gems/bundler-1.5.0/lib/bundler/rubygems_integration.rb:150:in `with_build_args'  \n/home/artem/.rvm/gems/ruby-2.1.0@global/gems/bundler-1.5.0/lib/bundler/installer.rb:110:in `install_gem_from_spec'  \n/home/artem/.rvm/gems/ruby-2.1.0@global/gems/bundler-1.5.0/lib/bundler/installer.rb:295:in `block in install_sequentially'  \n/home/artem/.rvm/rubies/ruby-2.1.0/lib/ruby/2.1.0/forwardable.rb:183:in `each'  \n/home/artem/.rvm/rubies/ruby-2.1.0/lib/ruby/2.1.0/forwardable.rb:183:in `each'  \n/home/artem/.rvm/gems/ruby-2.1.0@global/gems/bundler-1.5.0/lib/bundler/installer.rb:294:in `install_sequentially'  \n/home/artem/.rvm/gems/ruby-2.1.0@global/gems/bundler-1.5.0/lib/bundler/installer.rb:97:in `run'  \n/home/artem/.rvm/gems/ruby-2.1.0@global/gems/bundler-1.5.0/lib/bundler/installer.rb:15:in `install'  \n/home/artem/.rvm/gems/ruby-2.1.0@global/gems/bundler-1.5.0/lib/bundler/cli.rb:257:in `install'  \n/home/artem/.rvm/gems/ruby-2.1.0@global/gems/bundler-1.5.0/lib/bundler/vendor/thor/command.rb:27:in `run'  \n/home/artem/.rvm/gems/ruby-2.1.0@global/gems/bundler-1.5.0/lib/bundler/vendor/thor/invocation.rb:120:in `invoke_command'  \n/home/artem/.rvm/gems/ruby-2.1.0@global/gems/bundler-1.5.0/lib/bundler/vendor/thor.rb:363:in `dispatch'  \n/home/artem/.rvm/gems/ruby-2.1.0@global/gems/bundler-1.5.0/lib/bundler/vendor/thor/base.rb:438:in `start'  \n/home/artem/.rvm/gems/ruby-2.1.0@global/gems/bundler-1.5.0/lib/bundler/cli.rb:10:in `start'  \n/home/artem/.rvm/gems/ruby-2.1.0@global/gems/bundler-1.5.0/bin/bundle:22:in `block in <top (required)>'  \n/home/artem/.rvm/gems/ruby-2.1.0@global/gems/bundler-1.5.0/lib/bundler/friendly_errors.rb:5:in `with_friendly_errors'  \n/home/artem/.rvm/gems/ruby-2.1.0@global/gems/bundler-1.5.0/bin/bundle:22:in `<top (required)>'  \n/home/artem/.rvm/gems/ruby-2.1.0@global/bin/bundle:23:in `load'  \n/home/artem/.rvm/gems/ruby-2.1.0@global/bin/bundle:23:in `<main>'  \n/home/artem/.rvm/gems/ruby-2.1.0/bin/ruby_executable_hooks:15:in `eval'  \n/home/artem/.rvm/gems/ruby-2.1.0/bin/ruby_executable_hooks:15:in `<main>'
I, [2014-01-06T00:17:46.835881 #15487]  INFO -- : 0:  rake (10.1.1) from /home/artem/.rvm/gems/ruby-2.1.0/specifications/rake-10.1.1.gemspec
I, [2014-01-06T00:17:46.837396 #15487]  INFO -- : 0:  i18n (0.6.9) from /home/artem/.rvm/gems/ruby-2.1.0/specifications/i18n-0.6.9.gemspec
I, [2014-01-06T00:17:46.919803 #15487]  INFO -- : 0:  minitest (4.7.5) from /home/artem/.rvm/gems/ruby-2.1.0/specifications/minitest-4.7.5.gemspec
I, [2014-01-06T00:17:46.921154 #15487]  INFO -- : 0:  multi_json (1.8.2) from /home/artem/.rvm/gems/ruby-2.1.0/specifications/multi_json-1.8.2.gemspec
I, [2014-01-06T00:17:46.922219 #15487]  INFO -- : 0:  atomic (1.1.14) from /home/artem/.rvm/gems/ruby-2.1.0/specifications/atomic-1.1.14.gemspec
I, [2014-01-06T00:17:46.923314 #15487]  INFO -- : 0:  thread_safe (0.1.3) from /home/artem/.rvm/gems/ruby-2.1.0/specifications/thread_safe-0.1.3.gemspec
I, [2014-01-06T00:17:46.924298 #15487]  INFO -- : 0:  tzinfo (0.3.38) from /home/artem/.rvm/gems/ruby-2.1.0/specifications/tzinfo-0.3.38.gemspec
I, [2014-01-06T00:17:46.925292 #15487]  INFO -- : 0:  activesupport (4.0.2) from /home/artem/.rvm/gems/ruby-2.1.0/specifications/activesupport-4.0.2.gemspec
I, [2014-01-06T00:17:46.926330 #15487]  INFO -- : 0:  builder (3.1.4) from /home/artem/.rvm/gems/ruby-2.1.0/specifications/builder-3.1.4.gemspec
I, [2014-01-06T00:17:46.928786 #15487]  INFO -- : 0:  erubis (2.7.0) from /home/artem/.rvm/gems/ruby-2.1.0/specifications/erubis-2.7.0.gemspec
I, [2014-01-06T00:17:46.930558 #15487]  INFO -- : 0:  rack (1.5.2) from /home/artem/.rvm/gems/ruby-2.1.0/specifications/rack-1.5.2.gemspec
I, [2014-01-06T00:17:46.932353 #15487]  INFO -- : 0:  rack-test (0.6.2) from /home/artem/.rvm/gems/ruby-2.1.0/specifications/rack-test-0.6.2.gemspec
I, [2014-01-06T00:17:46.934214 #15487]  INFO -- : 0:  actionpack (4.0.2) from /home/artem/.rvm/gems/ruby-2.1.0/specifications/actionpack-4.0.2.gemspec
I, [2014-01-06T00:17:46.935409 #15487]  INFO -- : 0:  mime-types (1.25.1) from /home/artem/.rvm/gems/ruby-2.1.0/specifications/mime-types-1.25.1.gemspec
I, [2014-01-06T00:17:46.936268 #15487]  INFO -- : 0:  polyglot (0.3.3) from /home/artem/.rvm/gems/ruby-2.1.0/specifications/polyglot-0.3.3.gemspec
I, [2014-01-06T00:17:46.937142 #15487]  INFO -- : 0:  treetop (1.4.15) from /home/artem/.rvm/gems/ruby-2.1.0/specifications/treetop-1.4.15.gemspec
I, [2014-01-06T00:17:46.938010 #15487]  INFO -- : 0:  mail (2.5.4) from /home/artem/.rvm/gems/ruby-2.1.0/specifications/mail-2.5.4.gemspec
I, [2014-01-06T00:17:46.938888 #15487]  INFO -- : 0:  actionmailer (4.0.2) from /home/artem/.rvm/gems/ruby-2.1.0/specifications/actionmailer-4.0.2.gemspec
I, [2014-01-06T00:17:46.939751 #15487]  INFO -- : 0:  activemodel (4.0.2) from /home/artem/.rvm/gems/ruby-2.1.0/specifications/activemodel-4.0.2.gemspec
I, [2014-01-06T00:17:46.940604 #15487]  INFO -- : 0:  activerecord-deprecated_finders (1.0.3) from /home/artem/.rvm/gems/ruby-2.1.0/specifications/activerecord-deprecated_finders-1.0.3.gemspec
I, [2014-01-06T00:17:46.941482 #15487]  INFO -- : 0:  arel (4.0.1) from /home/artem/.rvm/gems/ruby-2.1.0/specifications/arel-4.0.1.gemspec
I, [2014-01-06T00:17:46.942330 #15487]  INFO -- : 0:  activerecord (4.0.2) from /home/artem/.rvm/gems/ruby-2.1.0/specifications/activerecord-4.0.2.gemspec
I, [2014-01-06T00:17:46.943198 #15487]  INFO -- : 0:  annotate (2.5.0) from /home/artem/.rvm/gems/ruby-2.1.0/specifications/annotate-2.5.0.gemspec
I, [2014-01-06T00:17:46.944055 #15487]  INFO -- : 0:  bcrypt-ruby (3.1.2) from /home/artem/.rvm/gems/ruby-2.1.0/specifications/bcrypt-ruby-3.1.2.gemspec
I, [2014-01-06T00:17:46.944899 #15487]  INFO -- : 0:  sass (3.2.13) from /home/artem/.rvm/gems/ruby-2.1.0/specifications/sass-3.2.13.gemspec
I, [2014-01-06T00:17:46.945717 #15487]  INFO -- : 0:  bootstrap-sass (2.3.2.0) from /home/artem/.rvm/gems/ruby-2.1.0/specifications/bootstrap-sass-2.3.2.0.gemspec
I, [2014-01-06T00:17:46.946563 #15487]  INFO -- : 0:  mini_portile (0.5.2) from /home/artem/.rvm/gems/ruby-2.1.0/specifications/mini_portile-0.5.2.gemspec
I, [2014-01-06T00:17:46.947423 #15487]  INFO -- : 0:  nokogiri (1.6.1) from /home/artem/.rvm/gems/ruby-2.1.0/specifications/nokogiri-1.6.1.gemspec
I, [2014-01-06T00:17:46.948268 #15487]  INFO -- : 0:  ffi (1.9.3) from /home/artem/.rvm/gems/ruby-2.1.0/specifications/ffi-1.9.3.gemspec
I, [2014-01-06T00:17:46.949143 #15487]  INFO -- : 0:  childprocess (0.3.9) from /home/artem/.rvm/gems/ruby-2.1.0/specifications/childprocess-0.3.9.gemspec
I, [2014-01-06T00:17:46.949968 #15487]  INFO -- : 0:  rubyzip (1.1.0) from /home/artem/.rvm/gems/ruby-2.1.0/specifications/rubyzip-1.1.0.gemspec
I, [2014-01-06T00:17:46.950838 #15487]  INFO -- : 0:  websocket (1.0.7) from /home/artem/.rvm/gems/ruby-2.1.0/specifications/websocket-1.0.7.gemspec
I, [2014-01-06T00:17:46.951787 #15487]  INFO -- : 0:  selenium-webdriver (2.39.0) from /home/artem/.rvm/gems/ruby-2.1.0/specifications/selenium-webdriver-2.39.0.gemspec
I, [2014-01-06T00:17:46.952670 #15487]  INFO -- : 0:  xpath (0.1.4) from /home/artem/.rvm/gems/ruby-2.1.0/specifications/xpath-0.1.4.gemspec
I, [2014-01-06T00:17:46.953511 #15487]  INFO -- : 0:  capybara (1.1.2) from /home/artem/.rvm/gems/ruby-2.1.0/specifications/capybara-1.1.2.gemspec
I, [2014-01-06T00:17:46.954381 #15487]  INFO -- : 0:  coffee-script-source (1.6.3) from /home/artem/.rvm/gems/ruby-2.1.0/specifications/coffee-script-source-1.6.3.gemspec
I, [2014-01-06T00:17:46.955035 #15487]  INFO -- : 0:  execjs (2.0.2) from /home/artem/.rvm/gems/ruby-2.1.0/specifications/execjs-2.0.2.gemspec
I, [2014-01-06T00:17:46.955489 #15487]  INFO -- : 0:  coffee-script (2.2.0) from /home/artem/.rvm/gems/ruby-2.1.0/specifications/coffee-script-2.2.0.gemspec
I, [2014-01-06T00:17:46.955933 #15487]  INFO -- : 0:  thor (0.18.1) from /home/artem/.rvm/gems/ruby-2.1.0/specifications/thor-0.18.1.gemspec
I, [2014-01-06T00:17:46.956371 #15487]  INFO -- : 0:  railties (4.0.2) from /home/artem/.rvm/gems/ruby-2.1.0/specifications/railties-4.0.2.gemspec
I, [2014-01-06T00:17:46.956788 #15487]  INFO -- : 0:  coffee-rails (4.0.1) from /home/artem/.rvm/gems/ruby-2.1.0/specifications/coffee-rails-4.0.1.gemspec
I, [2014-01-06T00:17:46.957223 #15487]  INFO -- : 0:  diff-lcs (1.1.3) from /home/artem/.rvm/gems/ruby-2.1.0/specifications/diff-lcs-1.1.3.gemspec
I, [2014-01-06T00:17:46.957683 #15487]  INFO -- : 0:  hike (1.2.3) from /home/artem/.rvm/gems/ruby-2.1.0/specifications/hike-1.2.3.gemspec
I, [2014-01-06T00:17:46.958110 #15487]  INFO -- : 0:  jbuilder (1.5.3) from /home/artem/.rvm/gems/ruby-2.1.0/specifications/jbuilder-1.5.3.gemspec
I, [2014-01-06T00:17:46.958550 #15487]  INFO -- : 0:  jquery-rails (3.0.4) from /home/artem/.rvm/gems/ruby-2.1.0/specifications/jquery-rails-3.0.4.gemspec
I, [2014-01-06T00:17:48.664304 #15487]  INFO -- : 0:  json (1.8.1) from /home/artem/.rvm/gems/ruby-2.1.0/specifications/json-1.8.1.gemspec
I, [2014-01-06T00:17:50.824423 #15487]  INFO -- : 0:  protected_attributes (1.0.5) from /home/artem/.rvm/gems/ruby-2.1.0/specifications/protected_attributes-1.0.5.gemspec
I, [2014-01-06T00:17:50.825281 #15487]  INFO -- : 0:  bundler (1.5.0) from /home/artem/.rvm/gems/ruby-2.1.0@global/specifications/bundler-1.5.0.gemspec
I, [2014-01-06T00:17:50.826132 #15487]  INFO -- : 0:  tilt (1.4.1) from /home/artem/.rvm/gems/ruby-2.1.0/specifications/tilt-1.4.1.gemspec
I, [2014-01-06T00:17:50.826959 #15487]  INFO -- : 0:  sprockets (2.10.1) from /home/artem/.rvm/gems/ruby-2.1.0/specifications/sprockets-2.10.1.gemspec
I, [2014-01-06T00:17:50.828361 #15487]  INFO -- : 0:  sprockets-rails (2.0.1) from /home/artem/.rvm/gems/ruby-2.1.0/specifications/sprockets-rails-2.0.1.gemspec
I, [2014-01-06T00:17:50.829569 #15487]  INFO -- : 0:  rails (4.0.2) from /home/artem/.rvm/gems/ruby-2.1.0/specifications/rails-4.0.2.gemspec
I, [2014-01-06T00:17:53.613771 #15487]  INFO -- : 0:  rdoc (3.12.2) from /home/artem/.rvm/gems/ruby-2.1.0/specifications/rdoc-3.12.2.gemspec
I, [2014-01-06T00:17:56.349377 #15487]  INFO -- : 0:  rspec-core (2.11.1) from /home/artem/.rvm/gems/ruby-2.1.0/specifications/rspec-core-2.11.1.gemspec
I, [2014-01-06T00:17:58.820785 #15487]  INFO -- : 0:  rspec-expectations (2.11.3) from /home/artem/.rvm/gems/ruby-2.1.0/specifications/rspec-expectations-2.11.3.gemspec
I, [2014-01-06T00:18:01.323888 #15487]  INFO -- : 0:  rspec-mocks (2.11.3) from /home/artem/.rvm/gems/ruby-2.1.0/specifications/rspec-mocks-2.11.3.gemspec
I, [2014-01-06T00:18:03.054613 #15487]  INFO -- : 0:  rspec (2.11.0) from /home/artem/.rvm/gems/ruby-2.1.0/specifications/rspec-2.11.0.gemspec
I, [2014-01-06T00:18:05.217761 #15487]  INFO -- : 0:  rspec-rails (2.11.0) from /home/artem/.rvm/gems/ruby-2.1.0/specifications/rspec-rails-2.11.0.gemspec
I, [2014-01-06T00:18:07.966889 #15487]  INFO -- : 0:  sass-rails (4.0.1) from /home/artem/.rvm/gems/ruby-2.1.0/specifications/sass-rails-4.0.1.gemspec
I, [2014-01-06T00:18:11.171852 #15487]  INFO -- : 0:  sdoc (0.3.20) from /home/artem/.rvm/gems/ruby-2.1.0/specifications/sdoc-0.3.20.gemspec
I, [2014-01-06T00:18:17.576203 #15487]  INFO -- : 0:  sqlite3 (1.3.8) from /home/artem/.rvm/gems/ruby-2.1.0/specifications/sqlite3-1.3.8.gemspec
I, [2014-01-06T00:18:19.361851 #15487]  INFO -- : 0:  turbolinks (2.1.0) from /home/artem/.rvm/gems/ruby-2.1.0/specifications/turbolinks-2.1.0.gemspec
I, [2014-01-06T00:18:21.783986 #15487]  INFO -- : 0:  uglifier (2.4.0) from /home/artem/.rvm/gems/ruby-2.1.0/specifications/uglifier-2.4.0.gemspec
I, [2014-01-08T00:17:52.164867 #8834]  INFO -- : 0:  rake (10.1.0) from /var/lib/gems/1.9.1/specifications/rake-10.1.0.gemspec
I, [2014-01-08T00:17:52.199421 #8834]  INFO -- : 0:  i18n (0.6.9) from /var/lib/gems/1.9.1/specifications/i18n-0.6.9.gemspec
I, [2014-01-08T00:17:52.200191 #8834]  INFO -- : 0:  minitest (4.7.5) from /var/lib/gems/1.9.1/specifications/minitest-4.7.5.gemspec
I, [2014-01-08T00:17:52.200860 #8834]  INFO -- : 0:  multi_json (1.8.2) from /var/lib/gems/1.9.1/specifications/multi_json-1.8.2.gemspec
I, [2014-01-08T00:17:52.201528 #8834]  INFO -- : 0:  atomic (1.1.14) from /var/lib/gems/1.9.1/specifications/atomic-1.1.14.gemspec
I, [2014-01-08T00:17:52.238870 #8834]  INFO -- : 0:  thread_safe (0.1.3) from /var/lib/gems/1.9.1/specifications/thread_safe-0.1.3.gemspec
I, [2014-01-08T00:17:52.240565 #8834]  INFO -- : 0:  tzinfo (0.3.38) from /var/lib/gems/1.9.1/specifications/tzinfo-0.3.38.gemspec
I, [2014-01-08T00:17:52.241336 #8834]  INFO -- : 0:  activesupport (4.0.2) from /var/lib/gems/1.9.1/specifications/activesupport-4.0.2.gemspec
I, [2014-01-08T00:17:52.242016 #8834]  INFO -- : 0:  builder (3.1.4) from /var/lib/gems/1.9.1/specifications/builder-3.1.4.gemspec
I, [2014-01-08T00:17:52.242680 #8834]  INFO -- : 0:  erubis (2.7.0) from /var/lib/gems/1.9.1/specifications/erubis-2.7.0.gemspec
I, [2014-01-08T00:17:52.243306 #8834]  INFO -- : 0:  rack (1.5.2) from /var/lib/gems/1.9.1/specifications/rack-1.5.2.gemspec
I, [2014-01-08T00:17:52.243918 #8834]  INFO -- : 0:  rack-test (0.6.2) from /var/lib/gems/1.9.1/specifications/rack-test-0.6.2.gemspec
I, [2014-01-08T00:17:52.244534 #8834]  INFO -- : 0:  actionpack (4.0.2) from /var/lib/gems/1.9.1/specifications/actionpack-4.0.2.gemspec
I, [2014-01-08T00:17:52.245179 #8834]  INFO -- : 0:  mime-types (1.25.1) from /var/lib/gems/1.9.1/specifications/mime-types-1.25.1.gemspec
I, [2014-01-08T00:17:52.245816 #8834]  INFO -- : 0:  polyglot (0.3.3) from /var/lib/gems/1.9.1/specifications/polyglot-0.3.3.gemspec
I, [2014-01-08T00:17:52.246434 #8834]  INFO -- : 0:  treetop (1.4.15) from /var/lib/gems/1.9.1/specifications/treetop-1.4.15.gemspec
I, [2014-01-08T00:17:52.247052 #8834]  INFO -- : 0:  mail (2.5.4) from /var/lib/gems/1.9.1/specifications/mail-2.5.4.gemspec
I, [2014-01-08T00:17:52.247661 #8834]  INFO -- : 0:  actionmailer (4.0.2) from /var/lib/gems/1.9.1/specifications/actionmailer-4.0.2.gemspec
I, [2014-01-08T00:17:52.248290 #8834]  INFO -- : 0:  activemodel (4.0.2) from /var/lib/gems/1.9.1/specifications/activemodel-4.0.2.gemspec
I, [2014-01-08T00:17:52.248906 #8834]  INFO -- : 0:  activerecord-deprecated_finders (1.0.3) from /var/lib/gems/1.9.1/specifications/activerecord-deprecated_finders-1.0.3.gemspec
I, [2014-01-08T00:17:52.249546 #8834]  INFO -- : 0:  arel (4.0.1) from /var/lib/gems/1.9.1/specifications/arel-4.0.1.gemspec
I, [2014-01-08T00:17:52.250168 #8834]  INFO -- : 0:  activerecord (4.0.2) from /var/lib/gems/1.9.1/specifications/activerecord-4.0.2.gemspec
I, [2014-01-08T00:17:54.838132 #8834]  INFO -- : 0:  sass (3.2.12) from /var/lib/gems/1.9.1/specifications/sass-3.2.12.gemspec
I, [2014-01-08T00:17:56.785348 #8834]  INFO -- : 0:  bootstrap-sass (2.3.2.0) from /var/lib/gems/1.9.1/specifications/bootstrap-sass-2.3.2.0.gemspec
I, [2014-01-08T00:17:58.465858 #8834]  INFO -- : 0:  mini_portile (0.5.2) from /var/lib/gems/1.9.1/specifications/mini_portile-0.5.2.gemspec
I, [2014-01-08T00:20:58.624842 #8834]  INFO -- : 0:  nokogiri (1.6.0) from /var/lib/gems/1.9.1/specifications/nokogiri-1.6.0.gemspec
I, [2014-01-08T00:21:09.548417 #8834]  INFO -- : 0:  ffi (1.9.3) from /var/lib/gems/1.9.1/specifications/ffi-1.9.3.gemspec
I, [2014-01-08T00:21:11.223730 #8834]  INFO -- : 0:  childprocess (0.3.9) from /var/lib/gems/1.9.1/specifications/childprocess-0.3.9.gemspec
I, [2014-01-08T00:21:13.047059 #8834]  INFO -- : 0:  rubyzip (1.1.0) from /var/lib/gems/1.9.1/specifications/rubyzip-1.1.0.gemspec
I, [2014-01-08T00:21:14.674788 #8834]  INFO -- : 0:  websocket (1.0.7) from /var/lib/gems/1.9.1/specifications/websocket-1.0.7.gemspec
I, [2014-01-08T00:21:19.598583 #8834]  INFO -- : 0:  selenium-webdriver (2.38.0) from /var/lib/gems/1.9.1/specifications/selenium-webdriver-2.38.0.gemspec
I, [2014-01-08T00:21:21.310322 #8834]  INFO -- : 0:  xpath (0.1.4) from /var/lib/gems/1.9.1/specifications/xpath-0.1.4.gemspec
I, [2014-01-08T00:21:23.188516 #8834]  INFO -- : 0:  capybara (1.1.2) from /var/lib/gems/1.9.1/specifications/capybara-1.1.2.gemspec
I, [2014-01-08T00:21:24.960822 #8834]  INFO -- : 0:  coffee-script-source (1.6.3) from /var/lib/gems/1.9.1/specifications/coffee-script-source-1.6.3.gemspec
I, [2014-01-08T00:21:26.695363 #8834]  INFO -- : 0:  execjs (2.0.2) from /var/lib/gems/1.9.1/specifications/execjs-2.0.2.gemspec
I, [2014-01-08T00:21:28.243613 #8834]  INFO -- : 0:  coffee-script (2.2.0) from /var/lib/gems/1.9.1/specifications/coffee-script-2.2.0.gemspec
I, [2014-01-08T00:21:28.247983 #8834]  INFO -- : 0:  thor (0.18.1) from /var/lib/gems/1.9.1/specifications/thor-0.18.1.gemspec
I, [2014-01-08T00:21:28.250400 #8834]  INFO -- : 0:  railties (4.0.2) from /var/lib/gems/1.9.1/specifications/railties-4.0.2.gemspec
I, [2014-01-08T00:21:29.917826 #8834]  INFO -- : 0:  coffee-rails (4.0.1) from /var/lib/gems/1.9.1/specifications/coffee-rails-4.0.1.gemspec
I, [2014-01-08T00:21:31.712540 #8834]  INFO -- : 0:  diff-lcs (1.1.3) from /var/lib/gems/1.9.1/specifications/diff-lcs-1.1.3.gemspec
I, [2014-01-08T00:21:31.715978 #8834]  INFO -- : 0:  hike (1.2.3) from /var/lib/gems/1.9.1/specifications/hike-1.2.3.gemspec
I, [2014-01-08T00:21:33.466697 #8834]  INFO -- : 0:  jbuilder (1.5.3) from /var/lib/gems/1.9.1/specifications/jbuilder-1.5.3.gemspec
I, [2014-01-08T00:21:35.665350 #8834]  INFO -- : 0:  jquery-rails (3.0.4) from /var/lib/gems/1.9.1/specifications/jquery-rails-3.0.4.gemspec
I, [2014-01-08T00:21:39.228839 #8834]  INFO -- : 0:  json (1.8.1) from /var/lib/gems/1.9.1/specifications/json-1.8.1.gemspec
I, [2014-01-08T00:21:39.242635 #8834]  INFO -- : 0:  bundler (1.5.1) from /var/lib/gems/1.9.1/specifications/bundler-1.5.1.gemspec
I, [2014-01-08T00:21:39.243774 #8834]  INFO -- : 0:  tilt (1.4.1) from /var/lib/gems/1.9.1/specifications/tilt-1.4.1.gemspec
I, [2014-01-08T00:21:39.245513 #8834]  INFO -- : 0:  sprockets (2.10.1) from /var/lib/gems/1.9.1/specifications/sprockets-2.10.1.gemspec
I, [2014-01-08T00:21:39.246294 #8834]  INFO -- : 0:  sprockets-rails (2.0.1) from /var/lib/gems/1.9.1/specifications/sprockets-rails-2.0.1.gemspec
I, [2014-01-08T00:21:39.247099 #8834]  INFO -- : 0:  rails (4.0.2) from /var/lib/gems/1.9.1/specifications/rails-4.0.2.gemspec
I, [2014-01-08T00:21:41.742522 #8834]  INFO -- : 0:  rdoc (3.12.2) from /var/lib/gems/1.9.1/specifications/rdoc-3.12.2.gemspec
I, [2014-01-08T00:21:43.796607 #8834]  INFO -- : 0:  rspec-core (2.11.1) from /var/lib/gems/1.9.1/specifications/rspec-core-2.11.1.gemspec
I, [2014-01-08T00:21:45.701668 #8834]  INFO -- : 0:  rspec-expectations (2.11.3) from /var/lib/gems/1.9.1/specifications/rspec-expectations-2.11.3.gemspec
I, [2014-01-08T00:21:47.606358 #8834]  INFO -- : 0:  rspec-mocks (2.11.3) from /var/lib/gems/1.9.1/specifications/rspec-mocks-2.11.3.gemspec
I, [2014-01-08T00:21:49.196280 #8834]  INFO -- : 0:  rspec (2.11.0) from /var/lib/gems/1.9.1/specifications/rspec-2.11.0.gemspec
I, [2014-01-08T00:21:51.230657 #8834]  INFO -- : 0:  rspec-rails (2.11.0) from /var/lib/gems/1.9.1/specifications/rspec-rails-2.11.0.gemspec
I, [2014-01-08T00:21:53.287158 #8834]  INFO -- : 0:  sass-rails (4.0.1) from /var/lib/gems/1.9.1/specifications/sass-rails-4.0.1.gemspec
I, [2014-01-08T00:21:55.714978 #8834]  INFO -- : 0:  sdoc (0.3.20) from /var/lib/gems/1.9.1/specifications/sdoc-0.3.20.gemspec
I, [2014-01-08T00:22:00.686121 #8834]  INFO -- : 0:  sqlite3 (1.3.8) from /var/lib/gems/1.9.1/specifications/sqlite3-1.3.8.gemspec
I, [2014-01-08T00:22:02.501397 #8834]  INFO -- : 0:  turbolinks (2.0.0) from /var/lib/gems/1.9.1/specifications/turbolinks-2.0.0.gemspec
I, [2014-01-08T00:22:05.857936 #8834]  INFO -- : 0:  uglifier (2.3.2) from /var/lib/gems/1.9.1/specifications/uglifier-2.3.2.gemspec
I, [2014-01-08T00:23:29.538646 #22240]  INFO -- : 0:  rake (10.1.0) from /var/lib/gems/1.9.1/specifications/rake-10.1.0.gemspec
I, [2014-01-08T00:23:29.539509 #22240]  INFO -- : 0:  i18n (0.6.9) from /var/lib/gems/1.9.1/specifications/i18n-0.6.9.gemspec
I, [2014-01-08T00:23:29.540137 #22240]  INFO -- : 0:  minitest (4.7.5) from /var/lib/gems/1.9.1/specifications/minitest-4.7.5.gemspec
I, [2014-01-08T00:23:29.540723 #22240]  INFO -- : 0:  multi_json (1.8.2) from /var/lib/gems/1.9.1/specifications/multi_json-1.8.2.gemspec
I, [2014-01-08T00:23:29.541319 #22240]  INFO -- : 0:  atomic (1.1.14) from /var/lib/gems/1.9.1/specifications/atomic-1.1.14.gemspec
I, [2014-01-08T00:23:29.541906 #22240]  INFO -- : 0:  thread_safe (0.1.3) from /var/lib/gems/1.9.1/specifications/thread_safe-0.1.3.gemspec
I, [2014-01-08T00:23:29.542450 #22240]  INFO -- : 0:  tzinfo (0.3.38) from /var/lib/gems/1.9.1/specifications/tzinfo-0.3.38.gemspec
I, [2014-01-08T00:23:29.543009 #22240]  INFO -- : 0:  activesupport (4.0.2) from /var/lib/gems/1.9.1/specifications/activesupport-4.0.2.gemspec
I, [2014-01-08T00:23:29.543570 #22240]  INFO -- : 0:  builder (3.1.4) from /var/lib/gems/1.9.1/specifications/builder-3.1.4.gemspec
I, [2014-01-08T00:23:29.544113 #22240]  INFO -- : 0:  erubis (2.7.0) from /var/lib/gems/1.9.1/specifications/erubis-2.7.0.gemspec
I, [2014-01-08T00:23:29.544669 #22240]  INFO -- : 0:  rack (1.5.2) from /var/lib/gems/1.9.1/specifications/rack-1.5.2.gemspec
I, [2014-01-08T00:23:29.545224 #22240]  INFO -- : 0:  rack-test (0.6.2) from /var/lib/gems/1.9.1/specifications/rack-test-0.6.2.gemspec
I, [2014-01-08T00:23:29.545783 #22240]  INFO -- : 0:  actionpack (4.0.2) from /var/lib/gems/1.9.1/specifications/actionpack-4.0.2.gemspec
I, [2014-01-08T00:23:29.546304 #22240]  INFO -- : 0:  mime-types (1.25.1) from /var/lib/gems/1.9.1/specifications/mime-types-1.25.1.gemspec
I, [2014-01-08T00:23:29.546893 #22240]  INFO -- : 0:  polyglot (0.3.3) from /var/lib/gems/1.9.1/specifications/polyglot-0.3.3.gemspec
I, [2014-01-08T00:23:29.547467 #22240]  INFO -- : 0:  treetop (1.4.15) from /var/lib/gems/1.9.1/specifications/treetop-1.4.15.gemspec
I, [2014-01-08T00:23:29.548005 #22240]  INFO -- : 0:  mail (2.5.4) from /var/lib/gems/1.9.1/specifications/mail-2.5.4.gemspec
I, [2014-01-08T00:23:29.560539 #22240]  INFO -- : 0:  actionmailer (4.0.2) from /var/lib/gems/1.9.1/specifications/actionmailer-4.0.2.gemspec
I, [2014-01-08T00:23:29.561510 #22240]  INFO -- : 0:  activemodel (4.0.2) from /var/lib/gems/1.9.1/specifications/activemodel-4.0.2.gemspec
I, [2014-01-08T00:23:29.562165 #22240]  INFO -- : 0:  activerecord-deprecated_finders (1.0.3) from /var/lib/gems/1.9.1/specifications/activerecord-deprecated_finders-1.0.3.gemspec
I, [2014-01-08T00:23:29.562771 #22240]  INFO -- : 0:  arel (4.0.1) from /var/lib/gems/1.9.1/specifications/arel-4.0.1.gemspec
I, [2014-01-08T00:23:29.563365 #22240]  INFO -- : 0:  activerecord (4.0.2) from /var/lib/gems/1.9.1/specifications/activerecord-4.0.2.gemspec
I, [2014-01-08T00:23:29.563933 #22240]  INFO -- : 0:  sass (3.2.12) from /var/lib/gems/1.9.1/specifications/sass-3.2.12.gemspec
I, [2014-01-08T00:23:29.564540 #22240]  INFO -- : 0:  bootstrap-sass (2.3.2.0) from /var/lib/gems/1.9.1/specifications/bootstrap-sass-2.3.2.0.gemspec
I, [2014-01-08T00:23:29.565158 #22240]  INFO -- : 0:  mini_portile (0.5.2) from /var/lib/gems/1.9.1/specifications/mini_portile-0.5.2.gemspec
I, [2014-01-08T00:23:29.565760 #22240]  INFO -- : 0:  nokogiri (1.6.0) from /var/lib/gems/1.9.1/specifications/nokogiri-1.6.0.gemspec
I, [2014-01-08T00:23:29.566332 #22240]  INFO -- : 0:  ffi (1.9.3) from /var/lib/gems/1.9.1/specifications/ffi-1.9.3.gemspec
I, [2014-01-08T00:23:29.566905 #22240]  INFO -- : 0:  childprocess (0.3.9) from /var/lib/gems/1.9.1/specifications/childprocess-0.3.9.gemspec
I, [2014-01-08T00:23:29.567480 #22240]  INFO -- : 0:  rubyzip (1.1.0) from /var/lib/gems/1.9.1/specifications/rubyzip-1.1.0.gemspec
I, [2014-01-08T00:23:29.568052 #22240]  INFO -- : 0:  websocket (1.0.7) from /var/lib/gems/1.9.1/specifications/websocket-1.0.7.gemspec
I, [2014-01-08T00:23:29.568616 #22240]  INFO -- : 0:  selenium-webdriver (2.38.0) from /var/lib/gems/1.9.1/specifications/selenium-webdriver-2.38.0.gemspec
I, [2014-01-08T00:23:29.569216 #22240]  INFO -- : 0:  xpath (0.1.4) from /var/lib/gems/1.9.1/specifications/xpath-0.1.4.gemspec
I, [2014-01-08T00:23:29.569799 #22240]  INFO -- : 0:  capybara (1.1.2) from /var/lib/gems/1.9.1/specifications/capybara-1.1.2.gemspec
I, [2014-01-08T00:23:29.570395 #22240]  INFO -- : 0:  coffee-script-source (1.6.3) from /var/lib/gems/1.9.1/specifications/coffee-script-source-1.6.3.gemspec
I, [2014-01-08T00:23:29.570986 #22240]  INFO -- : 0:  execjs (2.0.2) from /var/lib/gems/1.9.1/specifications/execjs-2.0.2.gemspec
I, [2014-01-08T00:23:29.571570 #22240]  INFO -- : 0:  coffee-script (2.2.0) from /var/lib/gems/1.9.1/specifications/coffee-script-2.2.0.gemspec
I, [2014-01-08T00:23:29.572134 #22240]  INFO -- : 0:  thor (0.18.1) from /var/lib/gems/1.9.1/specifications/thor-0.18.1.gemspec
I, [2014-01-08T00:23:29.572710 #22240]  INFO -- : 0:  railties (4.0.2) from /var/lib/gems/1.9.1/specifications/railties-4.0.2.gemspec
I, [2014-01-08T00:23:29.573327 #22240]  INFO -- : 0:  coffee-rails (4.0.1) from /var/lib/gems/1.9.1/specifications/coffee-rails-4.0.1.gemspec
I, [2014-01-08T00:23:29.573917 #22240]  INFO -- : 0:  diff-lcs (1.1.3) from /var/lib/gems/1.9.1/specifications/diff-lcs-1.1.3.gemspec
I, [2014-01-08T00:23:29.574489 #22240]  INFO -- : 0:  hike (1.2.3) from /var/lib/gems/1.9.1/specifications/hike-1.2.3.gemspec
I, [2014-01-08T00:23:29.575040 #22240]  INFO -- : 0:  jbuilder (1.5.3) from /var/lib/gems/1.9.1/specifications/jbuilder-1.5.3.gemspec
I, [2014-01-08T00:23:29.575594 #22240]  INFO -- : 0:  jquery-rails (3.0.4) from /var/lib/gems/1.9.1/specifications/jquery-rails-3.0.4.gemspec
I, [2014-01-08T00:23:29.576145 #22240]  INFO -- : 0:  json (1.8.1) from /var/lib/gems/1.9.1/specifications/json-1.8.1.gemspec
I, [2014-01-08T00:23:29.576667 #22240]  INFO -- : 0:  bundler (1.5.1) from /var/lib/gems/1.9.1/specifications/bundler-1.5.1.gemspec
I, [2014-01-08T00:23:29.577242 #22240]  INFO -- : 0:  tilt (1.4.1) from /var/lib/gems/1.9.1/specifications/tilt-1.4.1.gemspec
I, [2014-01-08T00:23:29.577810 #22240]  INFO -- : 0:  sprockets (2.10.1) from /var/lib/gems/1.9.1/specifications/sprockets-2.10.1.gemspec
I, [2014-01-08T00:23:29.578364 #22240]  INFO -- : 0:  sprockets-rails (2.0.1) from /var/lib/gems/1.9.1/specifications/sprockets-rails-2.0.1.gemspec
I, [2014-01-08T00:23:29.578914 #22240]  INFO -- : 0:  rails (4.0.2) from /var/lib/gems/1.9.1/specifications/rails-4.0.2.gemspec
I, [2014-01-08T00:23:29.579455 #22240]  INFO -- : 0:  rdoc (3.12.2) from /var/lib/gems/1.9.1/specifications/rdoc-3.12.2.gemspec
I, [2014-01-08T00:23:29.580008 #22240]  INFO -- : 0:  rspec-core (2.11.1) from /var/lib/gems/1.9.1/specifications/rspec-core-2.11.1.gemspec
I, [2014-01-08T00:23:29.580562 #22240]  INFO -- : 0:  rspec-expectations (2.11.3) from /var/lib/gems/1.9.1/specifications/rspec-expectations-2.11.3.gemspec
I, [2014-01-08T00:23:29.581122 #22240]  INFO -- : 0:  rspec-mocks (2.11.3) from /var/lib/gems/1.9.1/specifications/rspec-mocks-2.11.3.gemspec
I, [2014-01-08T00:23:29.581698 #22240]  INFO -- : 0:  rspec (2.11.0) from /var/lib/gems/1.9.1/specifications/rspec-2.11.0.gemspec
I, [2014-01-08T00:23:29.582236 #22240]  INFO -- : 0:  rspec-rails (2.11.0) from /var/lib/gems/1.9.1/specifications/rspec-rails-2.11.0.gemspec
I, [2014-01-08T00:23:29.582767 #22240]  INFO -- : 0:  sass-rails (4.0.1) from /var/lib/gems/1.9.1/specifications/sass-rails-4.0.1.gemspec
I, [2014-01-08T00:23:29.583291 #22240]  INFO -- : 0:  sdoc (0.3.20) from /var/lib/gems/1.9.1/specifications/sdoc-0.3.20.gemspec
I, [2014-01-08T00:23:29.583816 #22240]  INFO -- : 0:  sqlite3 (1.3.8) from /var/lib/gems/1.9.1/specifications/sqlite3-1.3.8.gemspec
I, [2014-01-08T00:23:29.584350 #22240]  INFO -- : 0:  turbolinks (2.0.0) from /var/lib/gems/1.9.1/specifications/turbolinks-2.0.0.gemspec
I, [2014-01-08T00:23:29.584878 #22240]  INFO -- : 0:  uglifier (2.3.2) from /var/lib/gems/1.9.1/specifications/uglifier-2.3.2.gemspec
